<?xml version="1.0" encoding="UTF-8"?>
<testsuite time='0.188844' skipped='0' failures='0' errors='0' name="ForumsControllerTest" assertions='9' tests='7' timestamp="2023-03-01T00:51:02+00:00">
  <testcase time='0.063345' file="test/controllers/forums_controller_test.rb" name="test_should_get_edit" assertions='1'>
  </testcase>
  <testcase time='0.026229' file="test/controllers/forums_controller_test.rb" name="test_should_create_forum" assertions='2'>
  </testcase>
  <testcase time='0.060830' file="test/controllers/forums_controller_test.rb" name="test_should_destroy_forum" assertions='2'>
  </testcase>
  <testcase time='0.014038' file="test/controllers/forums_controller_test.rb" name="test_should_get_index" assertions='1'>
  </testcase>
  <testcase time='0.007295' file="test/controllers/forums_controller_test.rb" name="test_should_show_forum" assertions='1'>
  </testcase>
  <testcase time='0.009382' file="test/controllers/forums_controller_test.rb" name="test_should_get_new" assertions='1'>
  </testcase>
  <testcase time='0.007725' file="test/controllers/forums_controller_test.rb" name="test_should_update_forum" assertions='1'>
  </testcase>
</testsuite>
