<?xml version="1.0" encoding="UTF-8"?>
<testsuite time='0.206692' skipped='0' failures='0' errors='0' name="JitsControllerTest" assertions='9' tests='7' timestamp="2023-03-01T00:51:02+00:00">
  <testcase time='0.078600' file="test/controllers/jits_controller_test.rb" name="test_should_get_edit" assertions='1'>
  </testcase>
  <testcase time='0.012988' file="test/controllers/jits_controller_test.rb" name="test_should_create_jit" assertions='2'>
  </testcase>
  <testcase time='0.008453' file="test/controllers/jits_controller_test.rb" name="test_should_get_new" assertions='1'>
  </testcase>
  <testcase time='0.060584' file="test/controllers/jits_controller_test.rb" name="test_should_update_jit" assertions='1'>
  </testcase>
  <testcase time='0.022260' file="test/controllers/jits_controller_test.rb" name="test_should_destroy_jit" assertions='2'>
  </testcase>
  <testcase time='0.013490' file="test/controllers/jits_controller_test.rb" name="test_should_show_jit" assertions='1'>
  </testcase>
  <testcase time='0.010317' file="test/controllers/jits_controller_test.rb" name="test_should_get_index" assertions='1'>
  </testcase>
</testsuite>
